<?xml version="1.0" encoding="UTF-8"?>
<testsuite xmlns:xsi="http://www.w3.org/2001/XMLSchema-instance" xsi:noNamespaceSchemaLocation="https://maven.apache.org/surefire/maven-surefire-plugin/xsd/surefire-test-report.xsd" version="3.0.2" name="com.example.TliasManagementApplicationTests" time="4.013" tests="1" errors="0" skipped="0" failures="0">
  <properties>
[...]
</properties>
  <testcase name="contextLoads" classname="com.example.TliasManagementApplicationTests" time="1.023">
    <system-out><![CDATA[11:55:59.775 [main] INFO org.springframework.test.context.support.AnnotationConfigContextLoaderUtils -- Could not detect default configuration classes for test class [com.example.TliasManagementApplicationTests]: TliasManagementApplicationTests does not declare any static, non-private, non-final, nested classes annotated with @Configuration.
11:55:59.921 [main] INFO org.springframework.boot.test.context.SpringBootTestContextBootstrapper -- Found @SpringBootConfiguration com.example.TliasManagementApplication for test class com.example.TliasManagementApplicationTests

  .   ____          _            __ _ _
 /\\ / ___'_ __ _ _(_)_ __  __ _ \ \ \ \
( ( )\___ | '_ | '_| | '_ \/ _` | \ \ \ \
 \\/  ___)| |_)| | | | | || (_| |  ) ) ) )
  '  |____| .__|_| |_|_| |_\__, | / / / /
 =========|_|==============|___/=/_/_/_/

 :: Spring Boot ::                (v3.4.2)

2025-02-17T11:56:00.543+08:00  INFO 10784 --- [tlias-management] [           main] c.e.TliasManagementApplicationTests      : Starting TliasManagementApplicationTests using Java 18.0.2.1 with PID 10784 (started by Asa in D:\TrainCode\JavaWeb study\tlias-management)
2025-02-17T11:56:00.544+08:00  INFO 10784 --- [tlias-management] [           main] c.e.TliasManagementApplicationTests      : No active profile set, falling back to 1 default profile: "default"
Logging initialized using 'class org.apache.ibatis.logging.stdout.StdOutImpl' adapter.
2025-02-17T11:56:02.528+08:00  INFO 10784 --- [tlias-management] [           main] c.e.TliasManagementApplicationTests      : Started TliasManagementApplicationTests in 2.396 seconds (process running for 3.547)
]]></system-out>
  </testcase>
</testsuite>